<?xml version="1.0" encoding="UTF-8"?>
<testng-results skipped="0" failed="0" ignored="0" total="1" passed="1">
  <reporter-output>
  </reporter-output>
  <suite name="Default suite" duration-ms="146813" started-at="2021-07-17T10:05:16 IST" finished-at="2021-07-17T10:07:43 IST">
    <groups>
    </groups>
    <test name="Default test" duration-ms="146813" started-at="2021-07-17T10:05:16 IST" finished-at="2021-07-17T10:07:43 IST">
      <class name="Mypack.IMPCode">
        <test-method status="PASS" signature="findTheOccurenceOfElement()[pri:0, instance:Mypack.IMPCode@179ece50]" name="findTheOccurenceOfElement" duration-ms="146725" started-at="2021-07-17T10:05:16 IST" finished-at="2021-07-17T10:07:43 IST">
          <reporter-output>
          </reporter-output>
        </test-method> <!-- findTheOccurenceOfElement -->
      </class> <!-- Mypack.IMPCode -->
    </test> <!-- Default test -->
  </suite> <!-- Default suite -->
</testng-results>
